This is pdfTeX, Version 3.141592653-2.6-1.40.28 (TeX Live 2025) (preloaded format=pdflatex 2025.11.19)  19 NOV 2025 15:49
entering extended mode
 \write18 enabled.
 %&-line parsing enabled.
**era5_calibration-pdf.tex
(./era5_calibration-pdf.tex
LaTeX2e <2025-11-01>
L3 programming layer <2025-11-06>
(/home/s2441782/.TinyTeX/texmf-dist/tex/latex/beamer/beamer.cls
Document Class: beamer 2025/08/13 v3.76 A class for typesetting presentations
(/home/s2441782/.TinyTeX/texmf-dist/tex/latex/beamer/beamerbasemodes.sty (/home/s2441782/.TinyTeX/texmf-dist/tex/latex/etoolbox/etoolbox.sty
Package: etoolbox 2025/10/02 v2.5m e-TeX tools for LaTeX (JAW)
\etb@tempcnta=\count275
)
\beamer@tempbox=\box53
\beamer@tempcount=\count276
\c@beamerpauses=\count277
(/home/s2441782/.TinyTeX/texmf-dist/tex/latex/beamer/beamerbasedecode.sty
\beamer@slideinframe=\count278
\beamer@minimum=\count279
\beamer@decode@box=\box54
)
\beamer@commentbox=\box55
\beamer@modecount=\count280
) (/home/s2441782/.TinyTeX/texmf-dist/tex/generic/iftex/iftex.sty
Package: iftex 2024/12/12 v1.0g TeX engine tests
)
\headdp=\dimen148
\footheight=\dimen149
\sidebarheight=\dimen150
\beamer@tempdim=\dimen151
\beamer@finalheight=\dimen152
\beamer@animht=\dimen153
\beamer@animdp=\dimen154
\beamer@animwd=\dimen155
\beamer@leftmargin=\dimen156
\beamer@rightmargin=\dimen157
\beamer@leftsidebar=\dimen158
\beamer@rightsidebar=\dimen159
\beamer@boxsize=\dimen160
\beamer@vboxoffset=\dimen161
\beamer@descdefault=\dimen162
\beamer@descriptionwidth=\dimen163
\beamer@lastskip=\skip49
\beamer@areabox=\box56
\beamer@animcurrent=\box57
\beamer@animshowbox=\box58
\beamer@sectionbox=\box59
\beamer@logobox=\box60
\beamer@linebox=\box61
\beamer@sectioncount=\count281
\beamer@subsubsectionmax=\count282
\beamer@subsectionmax=\count283
\beamer@sectionmax=\count284
\beamer@totalheads=\count285
\beamer@headcounter=\count286
\beamer@partstartpage=\count287
\beamer@sectionstartpage=\count288
\beamer@subsectionstartpage=\count289
\beamer@animationtempa=\count290
\beamer@animationtempb=\count291
\beamer@xpos=\count292
\beamer@ypos=\count293
\beamer@ypos@offset=\count294
\beamer@showpartnumber=\count295
\beamer@currentsubsection=\count296
\beamer@coveringdepth=\count297
\beamer@sectionadjust=\count298
\beamer@toclastsection=\count299
\beamer@tocsectionnumber=\count300
(/home/s2441782/.TinyTeX/texmf-dist/tex/latex/beamer/beamerbaseoptions.sty (/home/s2441782/.TinyTeX/texmf-dist/tex/latex/graphics/keyval.sty
Package: keyval 2022/05/29 v1.15 key=value parser (DPC)
\KV@toks@=\toks17
))
\beamer@paperwidth=\skip50
\beamer@paperheight=\skip51
(/home/s2441782/.TinyTeX/texmf-dist/tex/latex/geometry/geometry.sty
Package: geometry 2020/01/02 v5.9 Page Geometry
(/home/s2441782/.TinyTeX/texmf-dist/tex/generic/iftex/ifvtex.sty
Package: ifvtex 2019/10/25 v1.7 ifvtex legacy package. Use iftex instead.
)
\Gm@cnth=\count301
\Gm@cntv=\count302
\c@Gm@tempcnt=\count303
\Gm@bindingoffset=\dimen164
\Gm@wd@mp=\dimen165
\Gm@odd@mp=\dimen166
\Gm@even@mp=\dimen167
\Gm@layoutwidth=\dimen168
\Gm@layoutheight=\dimen169
\Gm@layouthoffset=\dimen170
\Gm@layoutvoffset=\dimen171
\Gm@dimlist=\toks18
) (/home/s2441782/.TinyTeX/texmf-dist/tex/latex/pgf/math/pgfmath.sty (/home/s2441782/.TinyTeX/texmf-dist/tex/latex/pgf/utilities/pgfrcs.sty (/home/s2441782/.TinyTeX/texmf-dist/tex/generic/pgf/utilities/pgfutil-common.tex
\pgfutil@everybye=\toks19
\pgfutil@tempdima=\dimen172
\pgfutil@tempdimb=\dimen173
) (/home/s2441782/.TinyTeX/texmf-dist/tex/generic/pgf/utilities/pgfutil-latex.def
\pgfutil@abb=\box62
) (/home/s2441782/.TinyTeX/texmf-dist/tex/generic/pgf/utilities/pgfrcs.code.tex (/home/s2441782/.TinyTeX/texmf-dist/tex/generic/pgf/pgf.revision.tex)
Package: pgfrcs 2025-08-29 v3.1.11a (3.1.11a)
)) (/home/s2441782/.TinyTeX/texmf-dist/tex/latex/pgf/utilities/pgfkeys.sty (/home/s2441782/.TinyTeX/texmf-dist/tex/generic/pgf/utilities/pgfkeys.code.tex
\pgfkeys@pathtoks=\toks20
\pgfkeys@temptoks=\toks21
(/home/s2441782/.TinyTeX/texmf-dist/tex/generic/pgf/utilities/pgfkeyslibraryfiltered.code.tex
\pgfkeys@tmptoks=\toks22
))) (/home/s2441782/.TinyTeX/texmf-dist/tex/generic/pgf/math/pgfmath.code.tex (/home/s2441782/.TinyTeX/texmf-dist/tex/generic/pgf/math/pgfmathutil.code.tex
\pgf@x=\dimen174
\pgf@xa=\dimen175
\pgf@xb=\dimen176
\pgf@xc=\dimen177
\pgf@y=\dimen178
\pgf@ya=\dimen179
\pgf@yb=\dimen180
\pgf@yc=\dimen181
\c@pgf@counta=\count304
\c@pgf@countb=\count305
\c@pgf@countc=\count306
\c@pgf@countd=\count307
) (/home/s2441782/.TinyTeX/texmf-dist/tex/generic/pgf/math/pgfmathparser.code.tex
\pgfmath@dimen=\dimen182
\pgfmath@count=\count308
\pgfmath@box=\box63
\pgfmath@toks=\toks23
\pgfmath@stack@operand=\toks24
\pgfmath@stack@operation=\toks25
) (/home/s2441782/.TinyTeX/texmf-dist/tex/generic/pgf/math/pgfmathfunctions.code.tex) (/home/s2441782/.TinyTeX/texmf-dist/tex/generic/pgf/math/pgfmathfunctions.basic.code.tex) (/home/s2441782/.TinyTeX/texmf-dist/tex/generic/pgf/math/pgfmathfunctions.trigonometric.code.tex) (/home/s2441782/.TinyTeX/texmf-dist/tex/generic/pgf/math/pgfmathfunctions.random.code.tex) (/home/s2441782/.TinyTeX/texmf-dist/tex/generic/pgf/math/pgfmathfunctions.comparison.code.tex) (/home/s2441782/.TinyTeX/texmf-dist/tex/generic/pgf/math/pgfmathfunctions.base.code.tex) (/home/s2441782/.TinyTeX/texmf-dist/tex/generic/pgf/math/pgfmathfunctions.round.code.tex) (/home/s2441782/.TinyTeX/texmf-dist/tex/generic/pgf/math/pgfmathfunctions.misc.code.tex) (/home/s2441782/.TinyTeX/texmf-dist/tex/generic/pgf/math/pgfmathfunctions.integerarithmetics.code.tex) (/home/s2441782/.TinyTeX/texmf-dist/tex/generic/pgf/math/pgfmathcalc.code.tex) (/home/s2441782/.TinyTeX/texmf-dist/tex/generic/pgf/math/pgfmathfloat.code.tex
\c@pgfmathroundto@lastzeros=\count309
))) (/home/s2441782/.TinyTeX/texmf-dist/tex/latex/base/size12.clo
File: size12.clo 2025/01/22 v1.4n Standard LaTeX file (size option)
) (/home/s2441782/.TinyTeX/texmf-dist/tex/latex/pgf/basiclayer/pgfcore.sty (/home/s2441782/.TinyTeX/texmf-dist/tex/latex/graphics/graphicx.sty
Package: graphicx 2024/12/31 v1.2e Enhanced LaTeX Graphics (DPC,SPQR)
(/home/s2441782/.TinyTeX/texmf-dist/tex/latex/graphics/graphics.sty
Package: graphics 2024/08/06 v1.4g Standard LaTeX Graphics (DPC,SPQR)
(/home/s2441782/.TinyTeX/texmf-dist/tex/latex/graphics/trig.sty
Package: trig 2023/12/02 v1.11 sin cos tan (DPC)
) (/home/s2441782/.TinyTeX/texmf-dist/tex/latex/graphics-cfg/graphics.cfg
File: graphics.cfg 2016/06/04 v1.11 sample graphics configuration
)
Package graphics Info: Driver file: pdftex.def on input line 106.
(/home/s2441782/.TinyTeX/texmf-dist/tex/latex/graphics-def/pdftex.def
File: pdftex.def 2025/09/29 v1.2d Graphics/color driver for pdftex
))
\Gin@req@height=\dimen183
\Gin@req@width=\dimen184
) (/home/s2441782/.TinyTeX/texmf-dist/tex/latex/pgf/systemlayer/pgfsys.sty (/home/s2441782/.TinyTeX/texmf-dist/tex/generic/pgf/systemlayer/pgfsys.code.tex
Package: pgfsys 2025-08-29 v3.1.11a (3.1.11a)
\pgf@x=\dimen185
\pgf@y=\dimen186
\pgf@xa=\dimen187
\pgf@ya=\dimen188
\pgf@xb=\dimen189
\pgf@yb=\dimen190
\pgf@xc=\dimen191
\pgf@yc=\dimen192
\pgf@xd=\dimen193
\pgf@yd=\dimen194
\w@pgf@writea=\write3
\r@pgf@reada=\read2
\c@pgf@counta=\count310
\c@pgf@countb=\count311
\c@pgf@countc=\count312
\c@pgf@countd=\count313
\t@pgf@toka=\toks26
\t@pgf@tokb=\toks27
\t@pgf@tokc=\toks28
\pgf@sys@id@count=\count314
(/home/s2441782/.TinyTeX/texmf-dist/tex/generic/pgf/systemlayer/pgf.cfg
File: pgf.cfg 2025-08-29 v3.1.11a (3.1.11a)
)
Driver file for pgf: pgfsys-pdftex.def
(/home/s2441782/.TinyTeX/texmf-dist/tex/generic/pgf/systemlayer/pgfsys-pdftex.def
File: pgfsys-pdftex.def 2025-08-29 v3.1.11a (3.1.11a)
(/home/s2441782/.TinyTeX/texmf-dist/tex/generic/pgf/systemlayer/pgfsys-common-pdf.def
File: pgfsys-common-pdf.def 2025-08-29 v3.1.11a (3.1.11a)
))) (/home/s2441782/.TinyTeX/texmf-dist/tex/generic/pgf/systemlayer/pgfsyssoftpath.code.tex
File: pgfsyssoftpath.code.tex 2025-08-29 v3.1.11a (3.1.11a)
\pgfsyssoftpath@smallbuffer@items=\count315
\pgfsyssoftpath@bigbuffer@items=\count316
) (/home/s2441782/.TinyTeX/texmf-dist/tex/generic/pgf/systemlayer/pgfsysprotocol.code.tex
File: pgfsysprotocol.code.tex 2025-08-29 v3.1.11a (3.1.11a)
)) (/home/s2441782/.TinyTeX/texmf-dist/tex/latex/xcolor/xcolor.sty
Package: xcolor 2024/09/29 v3.02 LaTeX color extensions (UK)
(/home/s2441782/.TinyTeX/texmf-dist/tex/latex/graphics-cfg/color.cfg
File: color.cfg 2016/01/02 v1.6 sample color configuration
)
Package xcolor Info: Driver file: pdftex.def on input line 274.
(/home/s2441782/.TinyTeX/texmf-dist/tex/latex/graphics/mathcolor.ltx)
Package xcolor Info: Model `cmy' substituted by `cmy0' on input line 1349.
Package xcolor Info: Model `hsb' substituted by `rgb' on input line 1353.
Package xcolor Info: Model `RGB' extended on input line 1365.
Package xcolor Info: Model `HTML' substituted by `rgb' on input line 1367.
Package xcolor Info: Model `Hsb' substituted by `hsb' on input line 1368.
Package xcolor Info: Model `tHsb' substituted by `hsb' on input line 1369.
Package xcolor Info: Model `HSB' substituted by `hsb' on input line 1370.
Package xcolor Info: Model `Gray' substituted by `gray' on input line 1371.
Package xcolor Info: Model `wave' substituted by `hsb' on input line 1372.
) (/home/s2441782/.TinyTeX/texmf-dist/tex/generic/pgf/basiclayer/pgfcore.code.tex
Package: pgfcore 2025-08-29 v3.1.11a (3.1.11a)
(/home/s2441782/.TinyTeX/texmf-dist/tex/generic/pgf/math/pgfint.code.tex) (/home/s2441782/.TinyTeX/texmf-dist/tex/generic/pgf/basiclayer/pgfcorepoints.code.tex
File: pgfcorepoints.code.tex 2025-08-29 v3.1.11a (3.1.11a)
\pgf@picminx=\dimen195
\pgf@picmaxx=\dimen196
\pgf@picminy=\dimen197
\pgf@picmaxy=\dimen198
\pgf@pathminx=\dimen199
\pgf@pathmaxx=\dimen256
\pgf@pathminy=\dimen257
\pgf@pathmaxy=\dimen258
\pgf@xx=\dimen259
\pgf@xy=\dimen260
\pgf@yx=\dimen261
\pgf@yy=\dimen262
\pgf@zx=\dimen263
\pgf@zy=\dimen264
) (/home/s2441782/.TinyTeX/texmf-dist/tex/generic/pgf/basiclayer/pgfcorepathconstruct.code.tex
File: pgfcorepathconstruct.code.tex 2025-08-29 v3.1.11a (3.1.11a)
\pgf@path@lastx=\dimen265
\pgf@path@lasty=\dimen266
) (/home/s2441782/.TinyTeX/texmf-dist/tex/generic/pgf/basiclayer/pgfcorepathusage.code.tex
File: pgfcorepathusage.code.tex 2025-08-29 v3.1.11a (3.1.11a)
\pgf@shorten@end@additional=\dimen267
\pgf@shorten@start@additional=\dimen268
) (/home/s2441782/.TinyTeX/texmf-dist/tex/generic/pgf/basiclayer/pgfcorescopes.code.tex
File: pgfcorescopes.code.tex 2025-08-29 v3.1.11a (3.1.11a)
\pgfpic=\box64
\pgf@hbox=\box65
\pgf@layerbox@main=\box66
\pgf@picture@serial@count=\count317
) (/home/s2441782/.TinyTeX/texmf-dist/tex/generic/pgf/basiclayer/pgfcoregraphicstate.code.tex
File: pgfcoregraphicstate.code.tex 2025-08-29 v3.1.11a (3.1.11a)
\pgflinewidth=\dimen269
) (/home/s2441782/.TinyTeX/texmf-dist/tex/generic/pgf/basiclayer/pgfcoretransformations.code.tex
File: pgfcoretransformations.code.tex 2025-08-29 v3.1.11a (3.1.11a)
\pgf@pt@x=\dimen270
\pgf@pt@y=\dimen271
\pgf@pt@temp=\dimen272
) (/home/s2441782/.TinyTeX/texmf-dist/tex/generic/pgf/basiclayer/pgfcorequick.code.tex
File: pgfcorequick.code.tex 2025-08-29 v3.1.11a (3.1.11a)
) (/home/s2441782/.TinyTeX/texmf-dist/tex/generic/pgf/basiclayer/pgfcoreobjects.code.tex
File: pgfcoreobjects.code.tex 2025-08-29 v3.1.11a (3.1.11a)
) (/home/s2441782/.TinyTeX/texmf-dist/tex/generic/pgf/basiclayer/pgfcorepathprocessing.code.tex
File: pgfcorepathprocessing.code.tex 2025-08-29 v3.1.11a (3.1.11a)
) (/home/s2441782/.TinyTeX/texmf-dist/tex/generic/pgf/basiclayer/pgfcorearrows.code.tex
File: pgfcorearrows.code.tex 2025-08-29 v3.1.11a (3.1.11a)
\pgfarrowsep=\dimen273
) (/home/s2441782/.TinyTeX/texmf-dist/tex/generic/pgf/basiclayer/pgfcoreshade.code.tex
File: pgfcoreshade.code.tex 2025-08-29 v3.1.11a (3.1.11a)
\pgf@max=\dimen274
\pgf@sys@shading@range@num=\count318
\pgf@shadingcount=\count319
) (/home/s2441782/.TinyTeX/texmf-dist/tex/generic/pgf/basiclayer/pgfcoreimage.code.tex
File: pgfcoreimage.code.tex 2025-08-29 v3.1.11a (3.1.11a)
) (/home/s2441782/.TinyTeX/texmf-dist/tex/generic/pgf/basiclayer/pgfcoreexternal.code.tex
File: pgfcoreexternal.code.tex 2025-08-29 v3.1.11a (3.1.11a)
\pgfexternal@startupbox=\box67
) (/home/s2441782/.TinyTeX/texmf-dist/tex/generic/pgf/basiclayer/pgfcorelayers.code.tex
File: pgfcorelayers.code.tex 2025-08-29 v3.1.11a (3.1.11a)
) (/home/s2441782/.TinyTeX/texmf-dist/tex/generic/pgf/basiclayer/pgfcoretransparency.code.tex
File: pgfcoretransparency.code.tex 2025-08-29 v3.1.11a (3.1.11a)
) (/home/s2441782/.TinyTeX/texmf-dist/tex/generic/pgf/basiclayer/pgfcorepatterns.code.tex
File: pgfcorepatterns.code.tex 2025-08-29 v3.1.11a (3.1.11a)
) (/home/s2441782/.TinyTeX/texmf-dist/tex/generic/pgf/basiclayer/pgfcorerdf.code.tex
File: pgfcorerdf.code.tex 2025-08-29 v3.1.11a (3.1.11a)
))) (/home/s2441782/.TinyTeX/texmf-dist/tex/latex/pgf/utilities/xxcolor.sty
Package: xxcolor 2003/10/24 ver 0.1
\XC@nummixins=\count320
\XC@countmixins=\count321
) (/home/s2441782/.TinyTeX/texmf-dist/tex/latex/base/atbegshi-ltx.sty
Package: atbegshi-ltx 2021/01/10 v1.0c Emulation of the original atbegshi
package with kernel methods
) (/home/s2441782/.TinyTeX/texmf-dist/tex/latex/hyperref/hyperref.sty
Package: hyperref 2025-07-12 v7.01o Hypertext links for LaTeX
(/home/s2441782/.TinyTeX/texmf-dist/tex/latex/kvsetkeys/kvsetkeys.sty
Package: kvsetkeys 2022-10-05 v1.19 Key value parser (HO)
) (/home/s2441782/.TinyTeX/texmf-dist/tex/generic/kvdefinekeys/kvdefinekeys.sty
Package: kvdefinekeys 2019-12-19 v1.6 Define keys (HO)
) (/home/s2441782/.TinyTeX/texmf-dist/tex/generic/pdfescape/pdfescape.sty
Package: pdfescape 2019/12/09 v1.15 Implements pdfTeX's escape features (HO)
(/home/s2441782/.TinyTeX/texmf-dist/tex/generic/ltxcmds/ltxcmds.sty
Package: ltxcmds 2023-12-04 v1.26 LaTeX kernel commands for general use (HO)
) (/home/s2441782/.TinyTeX/texmf-dist/tex/generic/pdftexcmds/pdftexcmds.sty
Package: pdftexcmds 2020-06-27 v0.33 Utility functions of pdfTeX for LuaTeX (HO)
(/home/s2441782/.TinyTeX/texmf-dist/tex/generic/infwarerr/infwarerr.sty
Package: infwarerr 2019/12/03 v1.5 Providing info/warning/error messages (HO)
)
Package pdftexcmds Info: \pdf@primitive is available.
Package pdftexcmds Info: \pdf@ifprimitive is available.
Package pdftexcmds Info: \pdfdraftmode found.
)) (/home/s2441782/.TinyTeX/texmf-dist/tex/latex/hycolor/hycolor.sty
Package: hycolor 2020-01-27 v1.10 Color options for hyperref/bookmark (HO)
) (/home/s2441782/.TinyTeX/texmf-dist/tex/latex/hyperref/nameref.sty
Package: nameref 2025-06-21 v2.57 Cross-referencing by name of section
(/home/s2441782/.TinyTeX/texmf-dist/tex/latex/refcount/refcount.sty
Package: refcount 2019/12/15 v3.6 Data extraction from label references (HO)
) (/home/s2441782/.TinyTeX/texmf-dist/tex/generic/gettitlestring/gettitlestring.sty
Package: gettitlestring 2019/12/15 v1.6 Cleanup title references (HO)
(/home/s2441782/.TinyTeX/texmf-dist/tex/latex/kvoptions/kvoptions.sty
Package: kvoptions 2022-06-15 v3.15 Key value format for package options (HO)
))
\c@section@level=\count322
) (/home/s2441782/.TinyTeX/texmf-dist/tex/generic/stringenc/stringenc.sty
Package: stringenc 2019/11/29 v1.12 Convert strings between diff. encodings (HO)
)
\@linkdim=\dimen275
\Hy@linkcounter=\count323
\Hy@pagecounter=\count324
(/home/s2441782/.TinyTeX/texmf-dist/tex/latex/hyperref/pd1enc.def
File: pd1enc.def 2025-07-12 v7.01o Hyperref: PDFDocEncoding definition (HO)
Now handling font encoding PD1 ...
... no UTF-8 mapping file for font encoding PD1
) (/home/s2441782/.TinyTeX/texmf-dist/tex/generic/intcalc/intcalc.sty
Package: intcalc 2019/12/15 v1.3 Expandable calculations with integers (HO)
)
\Hy@SavedSpaceFactor=\count325
(/home/s2441782/.TinyTeX/texmf-dist/tex/latex/hyperref/puenc.def
File: puenc.def 2025-07-12 v7.01o Hyperref: PDF Unicode definition (HO)
Now handling font encoding PU ...
... no UTF-8 mapping file for font encoding PU
)
Package hyperref Info: Option `unicode' set `true' on input line 4066.
Package hyperref Info: Option `bookmarks' set `true' on input line 4066.
Package hyperref Info: Option `bookmarksopen' set `true' on input line 4066.
Package hyperref Info: Option `implicit' set `false' on input line 4066.
Package hyperref Info: Hyper figures OFF on input line 4195.
Package hyperref Info: Link nesting OFF on input line 4200.
Package hyperref Info: Hyper index ON on input line 4203.
Package hyperref Info: Plain pages OFF on input line 4210.
Package hyperref Info: Backreferencing OFF on input line 4215.
Package hyperref Info: Implicit mode OFF; no redefinition of LaTeX internals.
Package hyperref Info: Bookmarks ON on input line 4462.
\c@Hy@tempcnt=\count326
(/home/s2441782/.TinyTeX/texmf-dist/tex/latex/url/url.sty
\Urlmuskip=\muskip17
Package: url 2013/09/16  ver 3.4  Verb mode for urls, etc.
)
LaTeX Info: Redefining \url on input line 4801.
\XeTeXLinkMargin=\dimen276
(/home/s2441782/.TinyTeX/texmf-dist/tex/generic/bitset/bitset.sty
Package: bitset 2019/12/09 v1.3 Handle bit-vector datatype (HO)
(/home/s2441782/.TinyTeX/texmf-dist/tex/generic/bigintcalc/bigintcalc.sty
Package: bigintcalc 2019/12/15 v1.5 Expandable calculations on big integers (HO)
))
\Fld@menulength=\count327
\Field@Width=\dimen277
\Fld@charsize=\dimen278
Package hyperref Info: Hyper figures OFF on input line 6078.
Package hyperref Info: Link nesting OFF on input line 6083.
Package hyperref Info: Hyper index ON on input line 6086.
Package hyperref Info: backreferencing OFF on input line 6093.
Package hyperref Info: Link coloring OFF on input line 6098.
Package hyperref Info: Link coloring with OCG OFF on input line 6103.
Package hyperref Info: PDF/A mode OFF on input line 6108.
\Hy@abspage=\count328

Package hyperref Message: Stopped early.

)
Package hyperref Info: Driver (autodetected): hpdftex.
(/home/s2441782/.TinyTeX/texmf-dist/tex/latex/hyperref/hpdftex.def
File: hpdftex.def 2025-07-12 v7.01o Hyperref driver for pdfTeX
\Fld@listcount=\count329
\c@bookmark@seq@number=\count330
(/home/s2441782/.TinyTeX/texmf-dist/tex/latex/rerunfilecheck/rerunfilecheck.sty
Package: rerunfilecheck 2025-06-21 v1.11 Rerun checks for auxiliary files (HO)
(/home/s2441782/.TinyTeX/texmf-dist/tex/generic/uniquecounter/uniquecounter.sty
Package: uniquecounter 2019/12/15 v1.4 Provide unlimited unique counter (HO)
)
Package uniquecounter Info: New unique counter `rerunfilecheck' on input line 284.
)) (/home/s2441782/.TinyTeX/texmf-dist/tex/latex/beamer/beamerbaserequires.sty (/home/s2441782/.TinyTeX/texmf-dist/tex/latex/beamer/beamerbasecompatibility.sty) (/home/s2441782/.TinyTeX/texmf-dist/tex/latex/beamer/beamerbasefont.sty (/home/s2441782/.TinyTeX/texmf-dist/tex/latex/amsfonts/amssymb.sty
Package: amssymb 2013/01/14 v3.01 AMS font symbols
(/home/s2441782/.TinyTeX/texmf-dist/tex/latex/amsfonts/amsfonts.sty
Package: amsfonts 2013/01/14 v3.01 Basic AMSFonts support
\@emptytoks=\toks29
\symAMSa=\mathgroup4
\symAMSb=\mathgroup5
LaTeX Font Info:    Redeclaring math symbol \hbar on input line 98.
LaTeX Font Info:    Overwriting math alphabet `\mathfrak' in version `bold'
(Font)                  U/euf/m/n --> U/euf/b/n on input line 106.
))) (/home/s2441782/.TinyTeX/texmf-dist/tex/latex/beamer/beamerbasetranslator.sty (/home/s2441782/.TinyTeX/texmf-dist/tex/latex/translator/translator.sty
Package: translator 2021-05-31 v1.12d Easy translation of strings in LaTeX
)) (/home/s2441782/.TinyTeX/texmf-dist/tex/latex/beamer/beamerbasemisc.sty) (/home/s2441782/.TinyTeX/texmf-dist/tex/latex/beamer/beamerbasetwoscreens.sty) (/home/s2441782/.TinyTeX/texmf-dist/tex/latex/beamer/beamerbaseoverlay.sty
\beamer@argscount=\count331
\beamer@lastskipcover=\skip52
\beamer@trivlistdepth=\count332
) (/home/s2441782/.TinyTeX/texmf-dist/tex/latex/beamer/beamerbasetitle.sty) (/home/s2441782/.TinyTeX/texmf-dist/tex/latex/beamer/beamerbasesection.sty
\c@lecture=\count333
\c@part=\count334
\c@section=\count335
\c@subsection=\count336
\c@subsubsection=\count337
) (/home/s2441782/.TinyTeX/texmf-dist/tex/latex/beamer/beamerbaseframe.sty
\beamer@framebox=\box68
\beamer@frametitlebox=\box69
\beamer@zoombox=\box70
\beamer@zoomcount=\count338
\beamer@zoomframecount=\count339
\beamer@frametextheight=\dimen279
\c@subsectionslide=\count340
\beamer@frametopskip=\skip53
\beamer@framebottomskip=\skip54
\beamer@frametopskipautobreak=\skip55
\beamer@framebottomskipautobreak=\skip56
\beamer@envbody=\toks30
\framewidth=\dimen280
\c@framenumber=\count341
) (/home/s2441782/.TinyTeX/texmf-dist/tex/latex/beamer/beamerbaseverbatim.sty
\beamer@verbatimfileout=\write4
) (/home/s2441782/.TinyTeX/texmf-dist/tex/latex/beamer/beamerbaseframesize.sty
\beamer@splitbox=\box71
\beamer@autobreakcount=\count342
\beamer@autobreaklastheight=\dimen281
\beamer@frametitletoks=\toks31
\beamer@framesubtitletoks=\toks32
) (/home/s2441782/.TinyTeX/texmf-dist/tex/latex/beamer/beamerbaseframecomponents.sty
\beamer@colheight=\skip57
\beamer@footins=\box72
) (/home/s2441782/.TinyTeX/texmf-dist/tex/latex/beamer/beamerbasecolor.sty) (/home/s2441782/.TinyTeX/texmf-dist/tex/latex/beamer/beamerbasenotes.sty
\beamer@frameboxcopy=\box73
) (/home/s2441782/.TinyTeX/texmf-dist/tex/latex/beamer/beamerbasetoc.sty) (/home/s2441782/.TinyTeX/texmf-dist/tex/latex/beamer/beamerbasetemplates.sty
\beamer@sbttoks=\toks33
(/home/s2441782/.TinyTeX/texmf-dist/tex/latex/beamer/beamerbaseauxtemplates.sty (/home/s2441782/.TinyTeX/texmf-dist/tex/latex/beamer/beamerbaseboxes.sty
\bmb@box=\box74
\bmb@colorbox=\box75
\bmb@boxwidth=\dimen282
\bmb@boxheight=\dimen283
\bmb@prevheight=\dimen284
\bmb@temp=\dimen285
\bmb@dima=\dimen286
\bmb@dimb=\dimen287
\bmb@prevheight=\dimen288
)
\beamer@blockheadheight=\dimen289
)) (/home/s2441782/.TinyTeX/texmf-dist/tex/latex/beamer/beamerbaselocalstructure.sty (/home/s2441782/.TinyTeX/texmf-dist/tex/latex/tools/enumerate.sty
Package: enumerate 2023/07/04 v3.00 enumerate extensions (DPC)
\@enLab=\toks34
)
\beamer@bibiconwidth=\skip58
\c@figure=\count343
\c@table=\count344
\abovecaptionskip=\skip59
\belowcaptionskip=\skip60
) (/home/s2441782/.TinyTeX/texmf-dist/tex/latex/beamer/beamerbasenavigation.sty (/home/s2441782/.TinyTeX/texmf-dist/tex/latex/beamer/beamerbasenavigationsymbols.tex)
\beamer@section@min@dim=\dimen290
) (/home/s2441782/.TinyTeX/texmf-dist/tex/latex/beamer/beamerbasetheorems.sty (/home/s2441782/.TinyTeX/texmf-dist/tex/latex/amsmath/amsmath.sty
Package: amsmath 2025/07/09 v2.17z AMS math features
\@mathmargin=\skip61
For additional information on amsmath, use the `?' option.
(/home/s2441782/.TinyTeX/texmf-dist/tex/latex/amsmath/amstext.sty
Package: amstext 2024/11/17 v2.01 AMS text
(/home/s2441782/.TinyTeX/texmf-dist/tex/latex/amsmath/amsgen.sty
File: amsgen.sty 1999/11/30 v2.0 generic functions
\@emptytoks=\toks35
\ex@=\dimen291
)) (/home/s2441782/.TinyTeX/texmf-dist/tex/latex/amsmath/amsbsy.sty
Package: amsbsy 1999/11/29 v1.2d Bold Symbols
\pmbraise@=\dimen292
) (/home/s2441782/.TinyTeX/texmf-dist/tex/latex/amsmath/amsopn.sty
Package: amsopn 2022/04/08 v2.04 operator names
)
\inf@bad=\count345
LaTeX Info: Redefining \frac on input line 233.
\uproot@=\count346
\leftroot@=\count347
LaTeX Info: Redefining \overline on input line 398.
LaTeX Info: Redefining \colon on input line 409.
\classnum@=\count348
\DOTSCASE@=\count349
LaTeX Info: Redefining \ldots on input line 495.
LaTeX Info: Redefining \dots on input line 498.
LaTeX Info: Redefining \cdots on input line 619.
\Mathstrutbox@=\box76
\strutbox@=\box77
LaTeX Info: Redefining \big on input line 721.
LaTeX Info: Redefining \Big on input line 722.
LaTeX Info: Redefining \bigg on input line 723.
LaTeX Info: Redefining \Bigg on input line 724.
\big@size=\dimen293
LaTeX Font Info:    Redeclaring font encoding OML on input line 742.
LaTeX Font Info:    Redeclaring font encoding OMS on input line 743.
\macc@depth=\count350
LaTeX Info: Redefining \bmod on input line 904.
LaTeX Info: Redefining \pmod on input line 909.
LaTeX Info: Redefining \smash on input line 939.
LaTeX Info: Redefining \relbar on input line 969.
LaTeX Info: Redefining \Relbar on input line 970.
\c@MaxMatrixCols=\count351
\dotsspace@=\muskip18
\c@parentequation=\count352
\dspbrk@lvl=\count353
\tag@help=\toks36
\row@=\count354
\column@=\count355
\maxfields@=\count356
\andhelp@=\toks37
\eqnshift@=\dimen294
\alignsep@=\dimen295
\tagshift@=\dimen296
\tagwidth@=\dimen297
\totwidth@=\dimen298
\lineht@=\dimen299
\@envbody=\toks38
\multlinegap=\skip62
\multlinetaggap=\skip63
\mathdisplay@stack=\toks39
LaTeX Info: Redefining \[ on input line 2950.
LaTeX Info: Redefining \] on input line 2951.
) (/home/s2441782/.TinyTeX/texmf-dist/tex/latex/amscls/amsthm.sty
Package: amsthm 2020/05/29 v2.20.6
\thm@style=\toks40
\thm@bodyfont=\toks41
\thm@headfont=\toks42
\thm@notefont=\toks43
\thm@headpunct=\toks44
\thm@preskip=\skip64
\thm@postskip=\skip65
\thm@headsep=\skip66
\dth@everypar=\toks45
)
\c@theorem=\count357
) (/home/s2441782/.TinyTeX/texmf-dist/tex/latex/beamer/beamerbasethemes.sty)) (/home/s2441782/.TinyTeX/texmf-dist/tex/latex/beamer/beamerthemedefault.sty (/home/s2441782/.TinyTeX/texmf-dist/tex/latex/beamer/beamerfontthemedefault.sty) (/home/s2441782/.TinyTeX/texmf-dist/tex/latex/beamer/beamercolorthemedefault.sty) (/home/s2441782/.TinyTeX/texmf-dist/tex/latex/beamer/beamerinnerthemedefault.sty
\beamer@dima=\dimen300
\beamer@dimb=\dimen301
) (/home/s2441782/.TinyTeX/texmf-dist/tex/latex/beamer/beamerouterthemedefault.sty))) (/home/s2441782/.TinyTeX/texmf-dist/tex/latex/pgf/utilities/pgfpages.sty
Package: pgfpages 2011/01/05 ver 0.02
(/home/s2441782/.TinyTeX/texmf-dist/tex/latex/tools/calc.sty
Package: calc 2025/03/01 v4.3b Infix arithmetic (KKT,FJ)
\calc@Acount=\count358
\calc@Bcount=\count359
\calc@Adimen=\dimen302
\calc@Bdimen=\dimen303
\calc@Askip=\skip67
\calc@Bskip=\skip68
LaTeX Info: Redefining \setlength on input line 86.
LaTeX Info: Redefining \addtolength on input line 87.
\calc@Ccount=\count360
\calc@Cskip=\skip69
)
\pgf@logicalpages=\count361
\pgf@firstshipout=\count362
\pgf@lastshipout=\count363
\pgf@currentshipout=\count364
\pgf@cpn=\count365
\pgf@shipoutnextto=\count366
\pgfphysicalheight=\dimen304
\pgfphysicalwidth=\dimen305
\pgfpages@shipoutbox=\box78
) (/home/s2441782/.TinyTeX/texmf-dist/tex/latex/base/fontenc.sty
Package: fontenc 2025/07/18 v2.1d Standard LaTeX package
) (/home/s2441782/.TinyTeX/texmf-dist/tex/latex/base/inputenc.sty
Package: inputenc 2024/02/08 v1.3d Input encoding file
\inpenc@prehook=\toks46
\inpenc@posthook=\toks47
) (/home/s2441782/.TinyTeX/texmf-dist/tex/latex/base/textcomp.sty
Package: textcomp 2024/04/24 v2.1b Standard LaTeX package
) (/home/s2441782/.TinyTeX/texmf-dist/tex/latex/lm/lmodern.sty
Package: lmodern 2015/05/01 v1.6.1 Latin Modern Fonts
LaTeX Font Info:    Overwriting symbol font `operators' in version `normal'
(Font)                  OT1/cmr/m/n --> OT1/lmr/m/n on input line 22.
LaTeX Font Info:    Overwriting symbol font `letters' in version `normal'
(Font)                  OML/cmm/m/it --> OML/lmm/m/it on input line 23.
LaTeX Font Info:    Overwriting symbol font `symbols' in version `normal'
(Font)                  OMS/cmsy/m/n --> OMS/lmsy/m/n on input line 24.
LaTeX Font Info:    Overwriting symbol font `largesymbols' in version `normal'
(Font)                  OMX/cmex/m/n --> OMX/lmex/m/n on input line 25.
LaTeX Font Info:    Overwriting symbol font `operators' in version `bold'
(Font)                  OT1/cmr/bx/n --> OT1/lmr/bx/n on input line 26.
LaTeX Font Info:    Overwriting symbol font `letters' in version `bold'
(Font)                  OML/cmm/b/it --> OML/lmm/b/it on input line 27.
LaTeX Font Info:    Overwriting symbol font `symbols' in version `bold'
(Font)                  OMS/cmsy/b/n --> OMS/lmsy/b/n on input line 28.
LaTeX Font Info:    Overwriting symbol font `largesymbols' in version `bold'
(Font)                  OMX/cmex/m/n --> OMX/lmex/m/n on input line 29.
LaTeX Font Info:    Overwriting math alphabet `\mathbf' in version `normal'
(Font)                  OT1/cmr/bx/n --> OT1/lmr/bx/n on input line 31.
LaTeX Font Info:    Overwriting math alphabet `\mathsf' in version `normal'
(Font)                  OT1/cmss/m/n --> OT1/lmss/m/n on input line 32.
LaTeX Font Info:    Overwriting math alphabet `\mathit' in version `normal'
(Font)                  OT1/cmr/m/it --> OT1/lmr/m/it on input line 33.
LaTeX Font Info:    Overwriting math alphabet `\mathtt' in version `normal'
(Font)                  OT1/cmtt/m/n --> OT1/lmtt/m/n on input line 34.
LaTeX Font Info:    Overwriting math alphabet `\mathbf' in version `bold'
(Font)                  OT1/cmr/bx/n --> OT1/lmr/bx/n on input line 35.
LaTeX Font Info:    Overwriting math alphabet `\mathsf' in version `bold'
(Font)                  OT1/cmss/bx/n --> OT1/lmss/bx/n on input line 36.
LaTeX Font Info:    Overwriting math alphabet `\mathit' in version `bold'
(Font)                  OT1/cmr/bx/it --> OT1/lmr/bx/it on input line 37.
LaTeX Font Info:    Overwriting math alphabet `\mathtt' in version `bold'
(Font)                  OT1/cmtt/m/n --> OT1/lmtt/m/n on input line 38.
) (/home/s2441782/.TinyTeX/texmf-dist/tex/latex/beamer/beamerthemeRochester.sty (/home/s2441782/.TinyTeX/texmf-dist/tex/latex/beamer/beamerouterthemesidebar.sty
\beamer@sidebarwidth=\dimen306
\beamer@headheight=\dimen307
LaTeX Font Info:    Trying to load font information for T1+lmss on input line 21.
(/home/s2441782/.TinyTeX/texmf-dist/tex/latex/lm/t1lmss.fd
File: t1lmss.fd 2015/05/01 v1.6.1 Font defs for Latin Modern
)) (/home/s2441782/.TinyTeX/texmf-dist/tex/latex/beamer/beamerinnerthemerectangles.sty) (/home/s2441782/.TinyTeX/texmf-dist/tex/latex/beamer/beamercolorthemewhale.sty) (/home/s2441782/.TinyTeX/texmf-dist/tex/latex/beamer/beamercolorthemeorchid.sty)) (/home/s2441782/.TinyTeX/texmf-dist/tex/latex/beamer/beamercolorthemespruce.sty) (/home/s2441782/.TinyTeX/texmf-dist/tex/latex/beamer/beamerfontthemeprofessionalfonts.sty) (/home/s2441782/.TinyTeX/texmf-dist/tex/latex/tools/longtable.sty
Package: longtable 2025-10-13 v4.24 Multi-page Table package (DPC)
\LTleft=\skip70
\LTright=\skip71
\LTpre=\skip72
\LTpost=\skip73
\LTchunksize=\count367
\LTcapwidth=\dimen308
\LT@head=\box79
\LT@firsthead=\box80
\LT@foot=\box81
\LT@lastfoot=\box82
\LT@gbox=\box83
\LT@cols=\count368
\LT@rows=\count369
\c@LT@tables=\count370
\c@LT@chunks=\count371
\LT@p@ftn=\toks48
) (/home/s2441782/.TinyTeX/texmf-dist/tex/latex/booktabs/booktabs.sty
Package: booktabs 2020/01/12 v1.61803398 Publication quality tables
\heavyrulewidth=\dimen309
\lightrulewidth=\dimen310
\cmidrulewidth=\dimen311
\belowrulesep=\dimen312
\belowbottomsep=\dimen313
\aboverulesep=\dimen314
\abovetopsep=\dimen315
\cmidrulesep=\dimen316
\cmidrulekern=\dimen317
\defaultaddspace=\dimen318
\@cmidla=\count372
\@cmidlb=\count373
\@aboverulesep=\dimen319
\@belowrulesep=\dimen320
\@thisruleclass=\count374
\@lastruleclass=\count375
\@thisrulewidth=\dimen321
) (/home/s2441782/.TinyTeX/texmf-dist/tex/latex/tools/array.sty
Package: array 2025/09/25 v2.6n Tabular extension package (FMi)
\col@sep=\dimen322
\ar@mcellbox=\box84
\extrarowheight=\dimen323
\NC@list=\toks49
\extratabsurround=\skip74
\backup@length=\skip75
\ar@cellbox=\box85
) (/home/s2441782/.TinyTeX/texmf-dist/tex/latex/caption/caption.sty
Package: caption 2023/08/05 v3.6o Customizing captions (AR)
(/home/s2441782/.TinyTeX/texmf-dist/tex/latex/caption/caption3.sty
Package: caption3 2023/07/31 v2.4d caption3 kernel (AR)
\caption@tempdima=\dimen324
\captionmargin=\dimen325
\caption@leftmargin=\dimen326
\caption@rightmargin=\dimen327
\caption@width=\dimen328
\caption@indent=\dimen329
\caption@parindent=\dimen330
\caption@hangindent=\dimen331
Package caption Info: beamer document class detected.
(/home/s2441782/.TinyTeX/texmf-dist/tex/latex/caption/caption-beamer.sto
File: caption-beamer.sto 2022/01/06 v2.0c Adaption of the caption package to the beamer document classes (AR)
))
\c@caption@flags=\count376
\c@continuedfloat=\count377
Package caption Info: hyperref package is loaded.
Package caption Info: Hyperref support is turned off
(caption)             because hyperref has stopped early.
Package caption Info: longtable package is loaded.
(/home/s2441782/.TinyTeX/texmf-dist/tex/latex/caption/ltcaption.sty
Package: ltcaption 2021/01/08 v1.4c longtable captions (AR)
)) (/home/s2441782/.TinyTeX/texmf-dist/tex/latex/multirow/multirow.sty
Package: multirow 2024/11/12 v2.9 Span multiple rows of a table
\multirow@colwidth=\skip76
\multirow@cntb=\count378
\multirow@dima=\skip77
\bigstrutjot=\dimen332
) (/home/s2441782/.TinyTeX/texmf-dist/tex/latex/wrapfig/wrapfig.sty
\wrapoverhang=\dimen333
\WF@size=\dimen334
\c@WF@wrappedlines=\count379
\WF@box=\box86
\WF@everypar=\toks50
Package: wrapfig 2003/01/31  v 3.6
) (/home/s2441782/.TinyTeX/texmf-dist/tex/latex/float/float.sty
Package: float 2001/11/08 v1.3d Float enhancements (AL)
\c@float@type=\count380
\float@exts=\toks51
\float@box=\box87
\@float@everytoks=\toks52
\@floatcapt=\box88
) (/home/s2441782/.TinyTeX/texmf-dist/tex/latex/colortbl/colortbl.sty
Package: colortbl 2024/10/29 v1.0k Color table columns (DPC)
\everycr=\toks53
\minrowclearance=\skip78
\rownum=\count381
) (/home/s2441782/.TinyTeX/texmf-dist/tex/latex/pdflscape/pdflscape.sty
Package: pdflscape 2025-06-23 v0.14 Display of landscape pages in PDF
(/home/s2441782/.TinyTeX/texmf-dist/tex/latex/pdflscape/pdflscape-nometadata.sty
Package: pdflscape-nometadata 2025-06-23 v0.14 Display of landscape pages in PDF (HO)
(/home/s2441782/.TinyTeX/texmf-dist/tex/latex/graphics/lscape.sty
Package: lscape 2020/05/28 v3.02 Landscape Pages (DPC)
)
Package pdflscape Info: Auto-detected driver: pdftex on input line 81.
)) (/home/s2441782/.TinyTeX/texmf-dist/tex/latex/tabu/tabu.sty
Package: tabu 2019/01/11 v2.9 - flexible LaTeX tabulars (FC+tabu-fixed)
(/home/s2441782/.TinyTeX/texmf-dist/tex/latex/varwidth/varwidth.sty
Package: varwidth 2009/03/30 ver 0.92;  Variable-width minipages
\@vwid@box=\box89
\sift@deathcycles=\count382
\@vwid@loff=\dimen335
\@vwid@roff=\dimen336
)
==> First Aid for varwidth.sty applied!
\c@taburow=\count383
\tabu@nbcols=\count384
\tabu@cnt=\count385
\tabu@Xcol=\count386
\tabu@alloc=\count387
\tabu@nested=\count388
\tabu@target=\dimen337
\tabu@spreadtarget=\dimen338
\tabu@naturalX=\dimen339
\tabucolX=\dimen340
\tabu@Xsum=\dimen341
\extrarowdepth=\dimen342
\abovetabulinesep=\dimen343
\belowtabulinesep=\dimen344
\tabustrutrule=\dimen345
\tabu@thebody=\toks54
\tabu@footnotes=\toks55
\tabu@box=\box90
\tabu@arstrutbox=\box91
\tabu@hleads=\box92
\tabu@vleads=\box93
\tabu@cellskip=\skip79
) (/home/s2441782/.TinyTeX/texmf-dist/tex/latex/threeparttable/threeparttable.sty
Package: threeparttable 2003/06/13  v 3.0
\@tempboxb=\box94
) (/home/s2441782/.TinyTeX/texmf-dist/tex/latex/threeparttablex/threeparttablex.sty
Package: threeparttablex 2013/07/23 v0.3 by daleif
(/home/s2441782/.TinyTeX/texmf-dist/tex/latex/environ/environ.sty
Package: environ 2014/05/04 v0.3 A new way to define environments
(/home/s2441782/.TinyTeX/texmf-dist/tex/latex/trimspaces/trimspaces.sty
Package: trimspaces 2009/09/17 v1.1 Trim spaces around a token list
))
\TPTL@width=\skip80
) (/home/s2441782/.TinyTeX/texmf-dist/tex/generic/ulem/ulem.sty
\UL@box=\box95
\UL@hyphenbox=\box96
\UL@skip=\skip81
\UL@hook=\toks56
\UL@height=\dimen346
\UL@pe=\count389
\UL@pixel=\dimen347
\ULC@box=\box97
Package: ulem 2019/11/18
\ULdepth=\dimen348
) (/home/s2441782/.TinyTeX/texmf-dist/tex/latex/makecell/makecell.sty
Package: makecell 2009/08/03 V0.1e Managing of Tab Column Heads and Cells
\rotheadsize=\dimen349
\c@nlinenum=\count390
\TeXr@lab=\toks57
) (/home/s2441782/.TinyTeX/texmf-dist/tex/latex/svg/svg.sty
Package: svg 2020/11/26 v2.02k (include SVG pictures)
(/home/s2441782/.TinyTeX/texmf-dist/tex/latex/koma-script/scrbase.sty
Package: scrbase 2025/09/09 v3.48 KOMA-Script package (KOMA-Script-independent basics and keyval usage)
(/home/s2441782/.TinyTeX/texmf-dist/tex/latex/koma-script/scrlfile.sty
Package: scrlfile 2025/09/09 v3.48 KOMA-Script package (file load hooks)
(/home/s2441782/.TinyTeX/texmf-dist/tex/latex/koma-script/scrlfile-hook.sty
Package: scrlfile-hook 2025/09/09 v3.48 KOMA-Script package (using LaTeX hooks)
(/home/s2441782/.TinyTeX/texmf-dist/tex/latex/koma-script/scrlogo.sty
Package: scrlogo 2025/09/09 v3.48 KOMA-Script package (logo)
)))
Applying: [2021/05/01] Usage of raw or classic option list on input line 254.
Already applied: [0000/00/00] Usage of raw or classic option list on input line 370.
) (/home/s2441782/.TinyTeX/texmf-dist/tex/latex/tools/shellesc.sty
Package: shellesc 2023/07/08 v1.0d unified shell escape interface for LaTeX
Package shellesc Info: Unrestricted shell escape enabled on input line 75.
) (/home/s2441782/.TinyTeX/texmf-dist/tex/latex/ifplatform/ifplatform.sty
Package: ifplatform 2017/10/13 v0.4a Testing for the operating system
(/home/s2441782/.TinyTeX/texmf-dist/tex/generic/catchfile/catchfile.sty
Package: catchfile 2019/12/09 v1.8 Catch the contents of a file (HO)
(/home/s2441782/.TinyTeX/texmf-dist/tex/generic/etexcmds/etexcmds.sty
Package: etexcmds 2019/12/15 v1.7 Avoid name clashes with e-TeX commands (HO)
)) (/home/s2441782/.TinyTeX/texmf-dist/tex/generic/iftex/ifluatex.sty
Package: ifluatex 2019/10/25 v1.5 ifluatex legacy package. Use iftex instead.
)
runsystem(uname -s > "era5_calibration-pdf.w18")...executed.

(./era5_calibration-pdf.w18)
runsystem(rm -- "era5_calibration-pdf.w18")...executed.

)
\c@svg@param@lastpage=\count391
\svg@box=\box98
\c@svg@param@currpage=\count392
) (/home/s2441782/.TinyTeX/texmf-dist/tex/latex/transparent/transparent.sty
Package: transparent 2025-06-23 v1.6 Transparency with color stacks
(/home/s2441782/.TinyTeX/texmf-dist/tex/latex/transparent/transparent-nometadata.sty
Package: transparent-nometadata 2025-06-23 v1.6 Transparency via pdfTeX's color stack (HO)
(/home/s2441782/.TinyTeX/texmf-dist/tex/latex/auxhook/auxhook.sty
Package: auxhook 2019-12-17 v1.6 Hooks for auxiliary files (HO)
)))
\@float@every@codelisting=\toks58
\c@codelisting=\count393
(/home/s2441782/.TinyTeX/texmf-dist/tex/latex/caption/subcaption.sty
Package: subcaption 2023/07/28 v1.6b Sub-captions (AR)
Package caption Info: New subtype `subfigure' on input line 238.
\c@subfigure=\count394
Package caption Info: New subtype `subtable' on input line 238.
\c@subtable=\count395
) (/home/s2441782/.TinyTeX/texmf-dist/tex/latex/tcolorbox/tcolorbox.sty
Package: tcolorbox 2025/09/09 version 6.8.0 text color boxes
(/home/s2441782/.TinyTeX/texmf-dist/tex/latex/pgf/frontendlayer/tikz.sty (/home/s2441782/.TinyTeX/texmf-dist/tex/latex/pgf/basiclayer/pgf.sty
Package: pgf 2025-08-29 v3.1.11a (3.1.11a)
(/home/s2441782/.TinyTeX/texmf-dist/tex/generic/pgf/modules/pgfmoduleshapes.code.tex
File: pgfmoduleshapes.code.tex 2025-08-29 v3.1.11a (3.1.11a)
\pgfnodeparttextbox=\box99
) (/home/s2441782/.TinyTeX/texmf-dist/tex/generic/pgf/modules/pgfmoduleplot.code.tex
File: pgfmoduleplot.code.tex 2025-08-29 v3.1.11a (3.1.11a)
) (/home/s2441782/.TinyTeX/texmf-dist/tex/latex/pgf/compatibility/pgfcomp-version-0-65.sty
Package: pgfcomp-version-0-65 2025-08-29 v3.1.11a (3.1.11a)
\pgf@nodesepstart=\dimen350
\pgf@nodesepend=\dimen351
) (/home/s2441782/.TinyTeX/texmf-dist/tex/latex/pgf/compatibility/pgfcomp-version-1-18.sty
Package: pgfcomp-version-1-18 2025-08-29 v3.1.11a (3.1.11a)
)) (/home/s2441782/.TinyTeX/texmf-dist/tex/latex/pgf/utilities/pgffor.sty (/home/s2441782/.TinyTeX/texmf-dist/tex/generic/pgf/utilities/pgffor.code.tex
Package: pgffor 2025-08-29 v3.1.11a (3.1.11a)
\pgffor@iter=\dimen352
\pgffor@skip=\dimen353
\pgffor@stack=\toks59
\pgffor@toks=\toks60
)) (/home/s2441782/.TinyTeX/texmf-dist/tex/generic/pgf/frontendlayer/tikz/tikz.code.tex
Package: tikz 2025-08-29 v3.1.11a (3.1.11a)
(/home/s2441782/.TinyTeX/texmf-dist/tex/generic/pgf/libraries/pgflibraryplothandlers.code.tex
File: pgflibraryplothandlers.code.tex 2025-08-29 v3.1.11a (3.1.11a)
\pgf@plot@mark@count=\count396
\pgfplotmarksize=\dimen354
)
\tikz@lastx=\dimen355
\tikz@lasty=\dimen356
\tikz@lastxsaved=\dimen357
\tikz@lastysaved=\dimen358
\tikz@lastmovetox=\dimen359
\tikz@lastmovetoy=\dimen360
\tikzleveldistance=\dimen361
\tikzsiblingdistance=\dimen362
\tikz@figbox=\box100
\tikz@figbox@bg=\box101
\tikz@tempbox=\box102
\tikz@tempbox@bg=\box103
\tikztreelevel=\count397
\tikznumberofchildren=\count398
\tikznumberofcurrentchild=\count399
\tikz@fig@count=\count400
(/home/s2441782/.TinyTeX/texmf-dist/tex/generic/pgf/modules/pgfmodulematrix.code.tex
File: pgfmodulematrix.code.tex 2025-08-29 v3.1.11a (3.1.11a)
\pgfmatrixcurrentrow=\count401
\pgfmatrixcurrentcolumn=\count402
\pgf@matrix@numberofcolumns=\count403
)
\tikz@expandcount=\count404
(/home/s2441782/.TinyTeX/texmf-dist/tex/generic/pgf/frontendlayer/tikz/libraries/tikzlibrarytopaths.code.tex
File: tikzlibrarytopaths.code.tex 2025-08-29 v3.1.11a (3.1.11a)
))) (/home/s2441782/.TinyTeX/texmf-dist/tex/latex/tools/verbatim.sty
Package: verbatim 2024-01-22 v1.5x LaTeX2e package for verbatim enhancements
\every@verbatim=\toks61
\verbatim@line=\toks62
\verbatim@in@stream=\read3
)
\tcb@titlebox=\box104
\tcb@upperbox=\box105
\tcb@lowerbox=\box106
\tcb@phantombox=\box107
\c@tcbbreakpart=\count405
\c@tcblayer=\count406
\c@tcolorbox@number=\count407
\l__tcobox_tmpa_box=\box108
\l__tcobox_tmpa_dim=\dimen363
\tcb@temp=\box109
\tcb@temp=\box110
\tcb@temp=\box111
\tcb@temp=\box112
(/home/s2441782/.TinyTeX/texmf-dist/tex/latex/tcolorbox/tcbskins.code.tex
Library (tcolorbox): 'tcbskins.code.tex' version '6.8.0'
(/home/s2441782/.TinyTeX/texmf-dist/tex/latex/tikzfill/tikzfill.image.sty
Package: tikzfill.image 2023/08/08 v1.0.1 Image filling library for TikZ
(/home/s2441782/.TinyTeX/texmf-dist/tex/latex/tikzfill/tikzfill-common.sty
Package: tikzfill-common 2023/08/08 v1.0.1 Auxiliary code for tikzfill
) (/home/s2441782/.TinyTeX/texmf-dist/tex/latex/tikzfill/tikzlibraryfill.image.code.tex
File: tikzlibraryfill.image.code.tex 2023/08/08 v1.0.1 Image filling library
\l__tikzfill_img_box=\box113
)) (/home/s2441782/.TinyTeX/texmf-dist/tex/latex/tcolorbox/tcbskinsjigsaw.code.tex
Library (tcolorbox): 'tcbskinsjigsaw.code.tex' version '6.8.0'
)) (/home/s2441782/.TinyTeX/texmf-dist/tex/latex/tcolorbox/tcbbreakable.code.tex
Library (tcolorbox): 'tcbbreakable.code.tex' version '6.8.0'
(/home/s2441782/.TinyTeX/texmf-dist/tex/latex/pdfcol/pdfcol.sty
Package: pdfcol 2022-09-21 v1.7 Handle new color stacks for pdfTeX (HO)
)
Package pdfcol Info: New color stack `tcb@breakable' = 2 on input line 23.
\tcb@testbox=\box114
\tcb@totalupperbox=\box115
\tcb@totallowerbox=\box116
)) (/home/s2441782/.TinyTeX/texmf-dist/tex/latex/bookmark/bookmark.sty
Package: bookmark 2023-12-10 v1.31 PDF bookmarks (HO)
(/home/s2441782/.TinyTeX/texmf-dist/tex/latex/bookmark/bkm-pdftex.def
File: bkm-pdftex.def 2023-12-10 v1.31 bookmark driver for pdfTeX and luaTeX (HO)
\BKM@id=\count408
))

Package hyperref Warning: Token not allowed in a PDF string (Unicode):
(hyperref)                removing `math shift' on input line 193.


Package hyperref Warning: Token not allowed in a PDF string (Unicode):
(hyperref)                removing `superscript' on input line 193.

(/home/s2441782/.TinyTeX/texmf-dist/tex/latex/l3backend/l3backend-pdftex.def
File: l3backend-pdftex.def 2025-10-09 L3 backend support: PDF output (pdfTeX)
\l__color_backend_stack_int=\count409
)
No file era5_calibration-pdf.aux.
\openout1 = `era5_calibration-pdf.aux'.

LaTeX Font Info:    Checking defaults for OML/cmm/m/it on input line 197.
LaTeX Font Info:    ... okay on input line 197.
LaTeX Font Info:    Checking defaults for OMS/cmsy/m/n on input line 197.
LaTeX Font Info:    ... okay on input line 197.
LaTeX Font Info:    Checking defaults for OT1/cmr/m/n on input line 197.
LaTeX Font Info:    ... okay on input line 197.
LaTeX Font Info:    Checking defaults for T1/cmr/m/n on input line 197.
LaTeX Font Info:    ... okay on input line 197.
LaTeX Font Info:    Checking defaults for TS1/cmr/m/n on input line 197.
LaTeX Font Info:    ... okay on input line 197.
LaTeX Font Info:    Checking defaults for OMX/cmex/m/n on input line 197.
LaTeX Font Info:    ... okay on input line 197.
LaTeX Font Info:    Checking defaults for U/cmr/m/n on input line 197.
LaTeX Font Info:    ... okay on input line 197.
LaTeX Font Info:    Checking defaults for PD1/pdf/m/n on input line 197.
LaTeX Font Info:    ... okay on input line 197.
LaTeX Font Info:    Checking defaults for PU/pdf/m/n on input line 197.
LaTeX Font Info:    ... okay on input line 197.
*geometry* driver: auto-detecting
*geometry* detected driver: pdftex
*geometry* verbose mode - [ preamble ] result:
* driver: pdftex
* paper: custom
* layout: <same size as paper>
* layoutoffset:(h,v)=(0.0pt,0.0pt)
* modes: includehead includefoot 
* h-part:(L,W,R)=(28.45274pt, 398.3386pt, 28.45274pt)
* v-part:(T,H,B)=(0.0pt, 256.0748pt, 0.0pt)
* \paperwidth=455.24408pt
* \paperheight=256.0748pt
* \textwidth=398.3386pt
* \textheight=227.62207pt
* \oddsidemargin=-43.81725pt
* \evensidemargin=-43.81725pt
* \topmargin=-72.26999pt
* \headheight=14.22636pt
* \headsep=0.0pt
* \topskip=12.0pt
* \footskip=14.22636pt
* \marginparwidth=4.0pt
* \marginparsep=10.0pt
* \columnsep=10.0pt
* \skip\footins=10.8pt plus 4.0pt minus 2.0pt
* \hoffset=0.0pt
* \voffset=0.0pt
* \mag=1000
* \@twocolumnfalse
* \@twosidefalse
* \@mparswitchfalse
* \@reversemarginfalse
* (1in=72.27pt=25.4mm, 1cm=28.453pt)

(/home/s2441782/.TinyTeX/texmf-dist/tex/latex/epstopdf-pkg/epstopdf-base.sty
Package: epstopdf-base 2020-01-24 v2.11 Base part for package epstopdf
Package epstopdf-base Info: Redefining graphics rule for `.eps' on input line 485.
(/home/s2441782/.TinyTeX/texmf-dist/tex/latex/latexconfig/epstopdf-sys.cfg
File: epstopdf-sys.cfg 2010/07/13 v1.3 Configuration of (r)epstopdf for TeX Live
))
Package hyperref Info: Link coloring OFF on input line 197.
(/home/s2441782/.TinyTeX/texmf-dist/tex/latex/translator/translator-basic-dictionary-English.dict
Dictionary: translator-basic-dictionary, Language: English 
) (/home/s2441782/.TinyTeX/texmf-dist/tex/latex/translator/translator-bibliography-dictionary-English.dict
Dictionary: translator-bibliography-dictionary, Language: English 
) (/home/s2441782/.TinyTeX/texmf-dist/tex/latex/translator/translator-environment-dictionary-English.dict
Dictionary: translator-environment-dictionary, Language: English 
) (/home/s2441782/.TinyTeX/texmf-dist/tex/latex/translator/translator-months-dictionary-English.dict
Dictionary: translator-months-dictionary, Language: English 
) (/home/s2441782/.TinyTeX/texmf-dist/tex/latex/translator/translator-numbers-dictionary-English.dict
Dictionary: translator-numbers-dictionary, Language: English 
) (/home/s2441782/.TinyTeX/texmf-dist/tex/latex/translator/translator-theorem-dictionary-English.dict
Dictionary: translator-theorem-dictionary, Language: English 
)
Package caption Info: Begin \AtBeginDocument code.
Package caption Info: float package is loaded.
Package caption Info: threeparttable package is loaded.
Package caption Info: wrapfig package is loaded.
Package caption Info: End \AtBeginDocument code.
(|'inkscape' -V )
No file era5_calibration-pdf.nav.
LaTeX Font Info:    Trying to load font information for OT1+lmr on input line 198.
(/home/s2441782/.TinyTeX/texmf-dist/tex/latex/lm/ot1lmr.fd
File: ot1lmr.fd 2015/05/01 v1.6.1 Font defs for Latin Modern
)
LaTeX Font Info:    Trying to load font information for OML+lmm on input line 198.
(/home/s2441782/.TinyTeX/texmf-dist/tex/latex/lm/omllmm.fd
File: omllmm.fd 2015/05/01 v1.6.1 Font defs for Latin Modern
)
LaTeX Font Info:    Trying to load font information for OMS+lmsy on input line 198.
(/home/s2441782/.TinyTeX/texmf-dist/tex/latex/lm/omslmsy.fd
File: omslmsy.fd 2015/05/01 v1.6.1 Font defs for Latin Modern
)
LaTeX Font Info:    Trying to load font information for OMX+lmex on input line 198.
(/home/s2441782/.TinyTeX/texmf-dist/tex/latex/lm/omxlmex.fd
File: omxlmex.fd 2015/05/01 v1.6.1 Font defs for Latin Modern
)
LaTeX Font Info:    External font `lmex10' loaded for size
(Font)              <12> on input line 198.
LaTeX Font Info:    External font `lmex10' loaded for size
(Font)              <8> on input line 198.
LaTeX Font Info:    External font `lmex10' loaded for size
(Font)              <6> on input line 198.
LaTeX Font Info:    Trying to load font information for U+msa on input line 198.
(/home/s2441782/.TinyTeX/texmf-dist/tex/latex/amsfonts/umsa.fd
File: umsa.fd 2013/01/14 v3.01 AMS symbols A
)
LaTeX Font Info:    Trying to load font information for U+msb on input line 198.
(/home/s2441782/.TinyTeX/texmf-dist/tex/latex/amsfonts/umsb.fd
File: umsb.fd 2013/01/14 v3.01 AMS symbols B
)
LaTeX Font Info:    External font `lmex10' loaded for size
(Font)              <5> on input line 198.
[1

{/home/s2441782/.TinyTeX/texmf-var/fonts/map/pdftex/updmap/pdftex.map}{/home/s2441782/.TinyTeX/texmf-dist/fonts/enc/dvips/lm/lm-ec.enc}{/home/s2441782/.TinyTeX/texmf-dist/fonts/enc/dvips/lm/lm-rm.enc}]
No file era5_calibration-pdf.toc.
[2

] [3

] [4

]
Package epstopdf Info: Source file: <../fig/era5_at_windfarms.eps>
(epstopdf)                    date: 2025-11-04 20:21:24
(epstopdf)                    size: 24430 bytes
(epstopdf)             Output file: <../fig/era5_at_windfarms-eps-converted-to.pdf>
(epstopdf)                    date: 2025-11-19 15:47:28
(epstopdf)                    size: 21125 bytes
(epstopdf)             Command: <epstopdf --outfile=../fig/era5_at_windfarms-eps-converted-to.pdf ../fig/era5_at_windfarms.eps>
(epstopdf)             \includegraphics on input line 244.
Package epstopdf Info: Output file is already uptodate.
<../fig/era5_at_windfarms-eps-converted-to.pdf, id=42, 289.08pt x 433.62pt>
File: ../fig/era5_at_windfarms-eps-converted-to.pdf Graphic file (type pdf)
<use ../fig/era5_at_windfarms-eps-converted-to.pdf>
Package pdftex.def Info: ../fig/era5_at_windfarms-eps-converted-to.pdf  used on input line 244.
(pdftex.def)             Requested size: 94.8409pt x 142.26135pt.
<../fig/wind_farms_elexon_size_2025.jpeg, id=43, 1204.5pt x 1204.5pt>
File: ../fig/wind_farms_elexon_size_2025.jpeg Graphic file (type jpg)
<use ../fig/wind_farms_elexon_size_2025.jpeg>
Package pdftex.def Info: ../fig/wind_farms_elexon_size_2025.jpeg  used on input line 244.
(pdftex.def)             Requested size: 142.25475pt x 142.25475pt.

Overfull \vbox (3.21037pt too high) detected at line 244
 []

[5

 <../fig/era5_at_windfarms-eps-converted-to.pdf> <../fig/wind_farms_elexon_size_2025.jpeg>] [6

]
LaTeX Font Info:    External font `lmex10' loaded for size
(Font)              <9> on input line 276.
<../fig/ws_uk_1s.pdf, id=61, 433.62pt x 289.08pt>
File: ../fig/ws_uk_1s.pdf Graphic file (type pdf)
<use ../fig/ws_uk_1s.pdf>
Package pdftex.def Info: ../fig/ws_uk_1s.pdf  used on input line 276.
(pdftex.def)             Requested size: 213.39536pt x 142.26357pt.
[7

{/home/s2441782/.TinyTeX/texmf-dist/fonts/enc/dvips/lm/lm-mathit.enc}{/home/s2441782/.TinyTeX/texmf-dist/fonts/enc/dvips/lm/lm-mathsy.enc} <../fig/ws_uk_1s.pdf>]
Package epstopdf Info: Source file: <../fig/ws_uk_1s_seas.eps>
(epstopdf)                    date: 2025-11-04 21:07:08
(epstopdf)                    size: 10946 bytes
(epstopdf)             Output file: <../fig/ws_uk_1s_seas-eps-converted-to.pdf>
(epstopdf)                    date: 2025-11-19 15:47:28
(epstopdf)                    size: 11634 bytes
(epstopdf)             Command: <epstopdf --outfile=../fig/ws_uk_1s_seas-eps-converted-to.pdf ../fig/ws_uk_1s_seas.eps>
(epstopdf)             \includegraphics on input line 295.
Package epstopdf Info: Output file is already uptodate.
<../fig/ws_uk_1s_seas-eps-converted-to.pdf, id=83, 433.62pt x 289.08pt>
File: ../fig/ws_uk_1s_seas-eps-converted-to.pdf Graphic file (type pdf)
<use ../fig/ws_uk_1s_seas-eps-converted-to.pdf>
Package pdftex.def Info: ../fig/ws_uk_1s_seas-eps-converted-to.pdf  used on input line 295.
(pdftex.def)             Requested size: 199.16988pt x 132.7799pt.
Package epstopdf Info: Source file: <../fig/ws_uk_tech.eps>
(epstopdf)                    date: 2025-11-05 12:10:14
(epstopdf)                    size: 9651 bytes
(epstopdf)             Output file: <../fig/ws_uk_tech-eps-converted-to.pdf>
(epstopdf)                    date: 2025-11-19 15:47:28
(epstopdf)                    size: 11831 bytes
(epstopdf)             Command: <epstopdf --outfile=../fig/ws_uk_tech-eps-converted-to.pdf ../fig/ws_uk_tech.eps>
(epstopdf)             \includegraphics on input line 295.
Package epstopdf Info: Output file is already uptodate.
<../fig/ws_uk_tech-eps-converted-to.pdf, id=84, 433.62pt x 289.08pt>
File: ../fig/ws_uk_tech-eps-converted-to.pdf Graphic file (type pdf)
<use ../fig/ws_uk_tech-eps-converted-to.pdf>
Package pdftex.def Info: ../fig/ws_uk_tech-eps-converted-to.pdf  used on input line 295.
(pdftex.def)             Requested size: 199.16988pt x 132.7799pt.
[8

 <../fig/ws_uk_1s_seas-eps-converted-to.pdf> <../fig/ws_uk_tech-eps-converted-to.pdf>]
Package epstopdf Info: Source file: <../fig/wd_uk_1s.eps>
(epstopdf)                    date: 2025-11-04 20:17:27
(epstopdf)                    size: 26332 bytes
(epstopdf)             Output file: <../fig/wd_uk_1s-eps-converted-to.pdf>
(epstopdf)                    date: 2025-11-19 15:47:28
(epstopdf)                    size: 20550 bytes
(epstopdf)             Command: <epstopdf --outfile=../fig/wd_uk_1s-eps-converted-to.pdf ../fig/wd_uk_1s.eps>
(epstopdf)             \includegraphics on input line 314.
Package epstopdf Info: Output file is already uptodate.
<../fig/wd_uk_1s-eps-converted-to.pdf, id=103, 433.62pt x 289.08pt>
File: ../fig/wd_uk_1s-eps-converted-to.pdf Graphic file (type pdf)
<use ../fig/wd_uk_1s-eps-converted-to.pdf>
Package pdftex.def Info: ../fig/wd_uk_1s-eps-converted-to.pdf  used on input line 314.
(pdftex.def)             Requested size: 199.16988pt x 132.7799pt.
Package epstopdf Info: Source file: <../fig/wd_uk_1s_seas.eps>
(epstopdf)                    date: 2025-11-04 20:31:31
(epstopdf)                    size: 230934 bytes
(epstopdf)             Output file: <../fig/wd_uk_1s_seas-eps-converted-to.pdf>
(epstopdf)                    date: 2025-11-19 15:47:28
(epstopdf)                    size: 96947 bytes
(epstopdf)             Command: <epstopdf --outfile=../fig/wd_uk_1s_seas-eps-converted-to.pdf ../fig/wd_uk_1s_seas.eps>
(epstopdf)             \includegraphics on input line 314.
Package epstopdf Info: Output file is already uptodate.
<../fig/wd_uk_1s_seas-eps-converted-to.pdf, id=104, 722.7pt x 433.62pt>
File: ../fig/wd_uk_1s_seas-eps-converted-to.pdf Graphic file (type pdf)
<use ../fig/wd_uk_1s_seas-eps-converted-to.pdf>
Package pdftex.def Info: ../fig/wd_uk_1s_seas-eps-converted-to.pdf  used on input line 314.
(pdftex.def)             Requested size: 278.83032pt x 167.29819pt.

Overfull \hbox (22.761pt too wide) detected at line 314
[][][] [][][][][][][][][] [][][][][][][] 
 []

[9

 <../fig/wd_uk_1s-eps-converted-to.pdf> <../fig/wd_uk_1s_seas-eps-converted-to.pdf>] [10

]
Package epstopdf Info: Source file: <../fig/wind_capacity_type_2025_nt.eps>
(epstopdf)                    date: 2025-10-28 18:44:53
(epstopdf)                    size: 1306281 bytes
(epstopdf)             Output file: <../fig/wind_capacity_type_2025_nt-eps-converted-to.pdf>
(epstopdf)                    date: 2025-11-19 15:47:29
(epstopdf)                    size: 296063 bytes
(epstopdf)             Command: <epstopdf --outfile=../fig/wind_capacity_type_2025_nt-eps-converted-to.pdf ../fig/wind_capacity_type_2025_nt.eps>
(epstopdf)             \includegraphics on input line 347.
Package epstopdf Info: Output file is already uptodate.
<../fig/wind_capacity_type_2025_nt-eps-converted-to.pdf, id=130, 433.62pt x 289.08pt>
File: ../fig/wind_capacity_type_2025_nt-eps-converted-to.pdf Graphic file (type pdf)
<use ../fig/wind_capacity_type_2025_nt-eps-converted-to.pdf>
Package pdftex.def Info: ../fig/wind_capacity_type_2025_nt-eps-converted-to.pdf  used on input line 347.
(pdftex.def)             Requested size: 199.16988pt x 132.7799pt.
[11

 <../fig/wind_capacity_type_2025_nt-eps-converted-to.pdf>]
LaTeX Font Info:    External font `lmex10' loaded for size
(Font)              <10.95> on input line 368.
[12

]
<../fig/capacity_factor2.pdf, id=149, 433.62pt x 289.08pt>
File: ../fig/capacity_factor2.pdf Graphic file (type pdf)
<use ../fig/capacity_factor2.pdf>
Package pdftex.def Info: ../fig/capacity_factor2.pdf  used on input line 387.
(pdftex.def)             Requested size: 199.16988pt x 132.7799pt.
<../fig/capacity_factor2_q.pdf, id=150, 433.62pt x 289.08pt>
File: ../fig/capacity_factor2_q.pdf Graphic file (type pdf)
<use ../fig/capacity_factor2_q.pdf>
Package pdftex.def Info: ../fig/capacity_factor2_q.pdf  used on input line 387.
(pdftex.def)             Requested size: 199.16988pt x 132.7799pt.
[13

 <../fig/capacity_factor2.pdf> <../fig/capacity_factor2_q.pdf>]
<../fig/curtailment_factor.pdf, id=170, 433.62pt x 289.08pt>
File: ../fig/curtailment_factor.pdf Graphic file (type pdf)
<use ../fig/curtailment_factor.pdf>
Package pdftex.def Info: ../fig/curtailment_factor.pdf  used on input line 406.
(pdftex.def)             Requested size: 199.16988pt x 132.7799pt.
<../fig/curtailment_factor_q.pdf, id=171, 433.62pt x 289.08pt>
File: ../fig/curtailment_factor_q.pdf Graphic file (type pdf)
<use ../fig/curtailment_factor_q.pdf>
Package pdftex.def Info: ../fig/curtailment_factor_q.pdf  used on input line 406.
(pdftex.def)             Requested size: 199.16988pt x 132.7799pt.
[14

 <../fig/curtailment_factor.pdf> <../fig/curtailment_factor_q.pdf>]
<../fig/potential_factor.pdf, id=189, 433.62pt x 289.08pt>
File: ../fig/potential_factor.pdf Graphic file (type pdf)
<use ../fig/potential_factor.pdf>
Package pdftex.def Info: ../fig/potential_factor.pdf  used on input line 425.
(pdftex.def)             Requested size: 199.16988pt x 132.7799pt.
<../fig/potential_factor_q.pdf, id=190, 433.62pt x 289.08pt>
File: ../fig/potential_factor_q.pdf Graphic file (type pdf)
<use ../fig/potential_factor_q.pdf>
Package pdftex.def Info: ../fig/potential_factor_q.pdf  used on input line 425.
(pdftex.def)             Requested size: 199.16988pt x 132.7799pt.
[15

 <../fig/potential_factor.pdf> <../fig/potential_factor_q.pdf>] [16

]
Package epstopdf Info: Source file: <../fig/hist_turb_capacity_2025.eps>
(epstopdf)                    date: 2025-10-28 19:40:51
(epstopdf)                    size: 10783 bytes
(epstopdf)             Output file: <../fig/hist_turb_capacity_2025-eps-converted-to.pdf>
(epstopdf)                    date: 2025-11-19 15:48:46
(epstopdf)                    size: 12091 bytes
(epstopdf)             Command: <epstopdf --outfile=../fig/hist_turb_capacity_2025-eps-converted-to.pdf ../fig/hist_turb_capacity_2025.eps>
(epstopdf)             \includegraphics on input line 492.
Package epstopdf Info: Output file is already uptodate.
<../fig/hist_turb_capacity_2025-eps-converted-to.pdf, id=214, 361.35pt x 289.08pt>
File: ../fig/hist_turb_capacity_2025-eps-converted-to.pdf Graphic file (type pdf)
<use ../fig/hist_turb_capacity_2025-eps-converted-to.pdf>
Package pdftex.def Info: ../fig/hist_turb_capacity_2025-eps-converted-to.pdf  used on input line 492.
(pdftex.def)             Requested size: 177.82945pt x 142.26357pt.
Package epstopdf Info: Source file: <../fig/hist_n_turb_2025.eps>
(epstopdf)                    date: 2025-10-28 19:40:51
(epstopdf)                    size: 10595 bytes
(epstopdf)             Output file: <../fig/hist_n_turb_2025-eps-converted-to.pdf>
(epstopdf)                    date: 2025-11-19 15:48:46
(epstopdf)                    size: 11622 bytes
(epstopdf)             Command: <epstopdf --outfile=../fig/hist_n_turb_2025-eps-converted-to.pdf ../fig/hist_n_turb_2025.eps>
(epstopdf)             \includegraphics on input line 492.
Package epstopdf Info: Output file is already uptodate.
<../fig/hist_n_turb_2025-eps-converted-to.pdf, id=215, 361.35pt x 289.08pt>
File: ../fig/hist_n_turb_2025-eps-converted-to.pdf Graphic file (type pdf)
<use ../fig/hist_n_turb_2025-eps-converted-to.pdf>
Package pdftex.def Info: ../fig/hist_n_turb_2025-eps-converted-to.pdf  used on input line 492.
(pdftex.def)             Requested size: 177.82945pt x 142.26357pt.
[17

 <../fig/hist_turb_capacity_2025-eps-converted-to.pdf> <../fig/hist_n_turb_2025-eps-converted-to.pdf>]
Package epstopdf Info: Source file: <../fig/hist_turb_height_2025.eps>
(epstopdf)                    date: 2025-10-28 19:40:52
(epstopdf)                    size: 11101 bytes
(epstopdf)             Output file: <../fig/hist_turb_height_2025-eps-converted-to.pdf>
(epstopdf)                    date: 2025-11-19 15:48:46
(epstopdf)                    size: 11818 bytes
(epstopdf)             Command: <epstopdf --outfile=../fig/hist_turb_height_2025-eps-converted-to.pdf ../fig/hist_turb_height_2025.eps>
(epstopdf)             \includegraphics on input line 528.
Package epstopdf Info: Output file is already uptodate.
<../fig/hist_turb_height_2025-eps-converted-to.pdf, id=234, 361.35pt x 289.08pt>
File: ../fig/hist_turb_height_2025-eps-converted-to.pdf Graphic file (type pdf)
<use ../fig/hist_turb_height_2025-eps-converted-to.pdf>
Package pdftex.def Info: ../fig/hist_turb_height_2025-eps-converted-to.pdf  used on input line 528.
(pdftex.def)             Requested size: 177.82945pt x 142.26357pt.
[18

 <../fig/hist_turb_height_2025-eps-converted-to.pdf>] [19

]
Package epstopdf Info: Source file: <../fig/generic_power_curves_uncens.eps>
(epstopdf)                    date: 2025-10-28 19:54:45
(epstopdf)                    size: 10911 bytes
(epstopdf)             Output file: <../fig/generic_power_curves_uncens-eps-converted-to.pdf>
(epstopdf)                    date: 2025-11-19 15:48:46
(epstopdf)                    size: 12093 bytes
(epstopdf)             Command: <epstopdf --outfile=../fig/generic_power_curves_uncens-eps-converted-to.pdf ../fig/generic_power_curves_uncens.eps>
(epstopdf)             \includegraphics on input line 573.
Package epstopdf Info: Output file is already uptodate.
<../fig/generic_power_curves_uncens-eps-converted-to.pdf, id=255, 433.62pt x 289.08pt>
File: ../fig/generic_power_curves_uncens-eps-converted-to.pdf Graphic file (type pdf)
<use ../fig/generic_power_curves_uncens-eps-converted-to.pdf>
Package pdftex.def Info: ../fig/generic_power_curves_uncens-eps-converted-to.pdf  used on input line 573.
(pdftex.def)             Requested size: 199.16988pt x 132.7799pt.
[20

 <../fig/generic_power_curves_uncens-eps-converted-to.pdf>] [21

]
! Extra }, or forgotten $.
<recently read> }
                 
l.608 \end{frame}
                 
I've deleted a group-closing symbol because it seems to be
spurious, as in `$x}$'. But perhaps the } is legitimate and
you forgot something else, as in `\hbox{$x}'. In such cases
the way to recover is to insert both the forgotten and the
deleted material, e.g., by typing `I$}'.

 
Here is how much of TeX's memory you used:
 32968 strings out of 469519
 682792 string characters out of 5469630
 1110568 words of memory out of 5000000
 60875 multiletter control sequences out of 15000+600000
 679226 words of font info for 85 fonts, out of 8000000 for 9000
 14 hyphenation exceptions out of 8191
 101i,13n,107p,416b,729s stack positions out of 10000i,1000n,20000p,200000b,200000s
!  ==> Fatal error occurred, no output PDF file produced!
